"D:/Unreal Projects/HN2BetaMP/HelloNeighbor2/Content/HNMain/Blueprints/Core/BP_BaseGameModeM.uasset" 0
"D:/Unreal Projects/HN2BetaMP/HelloNeighbor2/Content/HNMain/Blueprints/Core/BP_BaseGameModeM.uexp" 1
"D:/Unreal Projects/HN2BetaMP/HelloNeighbor2/Content/HNMain/Blueprints/Core/BP_BaseGameMode.uasset" 2
"D:/Unreal Projects/HN2BetaMP/HelloNeighbor2/Content/HNMain/Blueprints/Core/BP_BaseGameMode.uexp" 3
"D:/Unreal Projects/HN2BetaMP/HelloNeighbor2/Content/Mod/Textures/T_TranslusentButton.uasset" 4
"D:/Unreal Projects/HN2BetaMP/HelloNeighbor2/Content/Mod/Textures/T_TranslusentButton.uexp" 5
"../../../Engine/Content/EditorBlueprintResources/StandardMacros.uasset" 6
"../../../Engine/Content/EditorBlueprintResources/StandardMacros.uexp" 7
"D:/Unreal Projects/HN2BetaMP/HelloNeighbor2/Content/Mod/MPHostTabs.uasset" 8
"D:/Unreal Projects/HN2BetaMP/HelloNeighbor2/Content/Mod/MPHostTabs.uexp" 9
"../../../Engine/Content/EngineFonts/Faces/RobotoTiny.uasset" 10
"../../../Engine/Content/EngineFonts/Faces/RobotoTiny.uexp" 11
"../../../Engine/Content/EngineFonts/Faces/RobotoTiny.ufont" 12
"../../../Engine/Content/EngineFonts/Faces/DroidSansFallback.uasset" 13
"../../../Engine/Content/EngineFonts/Faces/DroidSansFallback.uexp" 14
"../../../Engine/Content/EngineFonts/Faces/DroidSansFallback.ufont" 15
"../../../Engine/Content/EngineFonts/RobotoTiny.uasset" 16
"../../../Engine/Content/EngineFonts/RobotoTiny.uexp" 17
"D:/Unreal Projects/HN2BetaMP/HelloNeighbor2/Content/Mod/PleaseWait.uasset" 18
"D:/Unreal Projects/HN2BetaMP/HelloNeighbor2/Content/Mod/PleaseWait.uexp" 19
"D:/Unreal Projects/HN2BetaMP/HelloNeighbor2/Content/Mod/MPSession.uasset" 20
"D:/Unreal Projects/HN2BetaMP/HelloNeighbor2/Content/Mod/MPSession.uexp" 21
"D:/Unreal Projects/HN2BetaMP/HelloNeighbor2/Content/Mod/MPSessionList.uasset" 22
"D:/Unreal Projects/HN2BetaMP/HelloNeighbor2/Content/Mod/MPSessionList.uexp" 23
"D:/Unreal Projects/HN2BetaMP/HelloNeighbor2/Content/Mod/MPIPConnect.uasset" 24
"D:/Unreal Projects/HN2BetaMP/HelloNeighbor2/Content/Mod/MPIPConnect.uexp" 25
"D:/Unreal Projects/HN2BetaMP/HelloNeighbor2/Content/Mod/MPConnectionTabs.uasset" 26
"D:/Unreal Projects/HN2BetaMP/HelloNeighbor2/Content/Mod/MPConnectionTabs.uexp" 27
"D:/Unreal Projects/HN2BetaMP/HelloNeighbor2/Content/Mod/MPMain.uasset" 28
"D:/Unreal Projects/HN2BetaMP/HelloNeighbor2/Content/Mod/MPMain.uexp" 29
"D:/Unreal Projects/HN2BetaMP/HelloNeighbor2/Content/HNMain/Blueprints/Core/BP_GameModeMainMenuM.uasset" 30
"D:/Unreal Projects/HN2BetaMP/HelloNeighbor2/Content/HNMain/Blueprints/Core/BP_GameModeMainMenuM.uexp" 31
"D:/Unreal Projects/HN2BetaMP/HelloNeighbor2/Content/HNMain/Blueprints/Core/BP_GameModeMainMenu.uasset" 32
"D:/Unreal Projects/HN2BetaMP/HelloNeighbor2/Content/HNMain/Blueprints/Core/BP_GameModeMainMenu.uexp" 33
"../../../Engine/Content/EngineMaterials/T_Default_Material_Grid_N.uasset" 34
"../../../Engine/Content/EngineMaterials/T_Default_Material_Grid_N.uexp" 35
"../../../Engine/Content/EngineMaterials/T_Default_Material_Grid_N.ubulk" 36
"../../../Engine/Content/EngineMaterials/T_Default_Material_Grid_M.uasset" 37
"../../../Engine/Content/EngineMaterials/T_Default_Material_Grid_M.uexp" 38
"../../../Engine/Content/EngineMaterials/T_Default_Material_Grid_M.ubulk" 39
"../../../Engine/Content/Functions/Engine_MaterialFunctions01/Opacity/CameraDepthFade.uasset" 40
"../../../Engine/Content/Functions/Engine_MaterialFunctions01/Opacity/CameraDepthFade.uexp" 41
"../../../Engine/Content/EngineMaterials/WorldGridMaterial.uasset" 42
"../../../Engine/Content/EngineMaterials/WorldGridMaterial.uexp" 43
"../../../Engine/Content/ArtTools/RenderToTexture/Meshes/S_1_Unit_Plane.uasset" 44
"../../../Engine/Content/ArtTools/RenderToTexture/Meshes/S_1_Unit_Plane.uexp" 45
"../../../Engine/Content/EngineMaterials/DefaultMaterial.uasset" 46
"../../../Engine/Content/EngineMaterials/DefaultMaterial.uexp" 47
"../../../Engine/Content/BasicShapes/Cone.uasset" 48
"../../../Engine/Content/BasicShapes/Cone.uexp" 49
"../../../Engine/Content/BasicShapes/Cube.uasset" 50
"../../../Engine/Content/BasicShapes/Cube.uexp" 51
"../../../Engine/Content/BasicShapes/Plane.uasset" 52
"../../../Engine/Content/BasicShapes/Plane.uexp" 53
"../../../Engine/Content/BasicShapes/Sphere.uasset" 54
"../../../Engine/Content/BasicShapes/Sphere.uexp" 55
"../../../Engine/Content/EditorLandscapeResources/DataLayer.uasset" 56
"../../../Engine/Content/EditorLandscapeResources/DataLayer.uexp" 57
"../../../Engine/Content/EditorLandscapeResources/DefaultAlphaTexture.uasset" 58
"../../../Engine/Content/EditorLandscapeResources/DefaultAlphaTexture.uexp" 59
"../../../Engine/Content/EditorMaterials/MAT_Groups_Toggle.uasset" 60
"../../../Engine/Content/EditorMaterials/MAT_Groups_Toggle.uexp" 61
"../../../Engine/Content/EditorMaterials/MAT_Groups_Visibility.uasset" 62
"../../../Engine/Content/EditorMaterials/MAT_Groups_Visibility.uexp" 63
"../../../Engine/Content/EditorMaterials/PreviewShadowIndicator.uasset" 64
"../../../Engine/Content/EditorMaterials/PreviewShadowIndicator.uexp" 65
"../../../Engine/Content/EditorMaterials/PreviewShadowIndicator.ubulk" 66
"../../../Engine/Content/EditorMaterials/PreviewShadowIndicatorMaterial.uasset" 67
"../../../Engine/Content/EditorMaterials/PreviewShadowIndicatorMaterial.uexp" 68
"../../../Engine/Content/EditorMaterials/MatineeGroups/MAT_ColorTrack.uasset" 69
"../../../Engine/Content/EditorMaterials/MatineeGroups/MAT_ColorTrack.uexp" 70
"../../../Engine/Content/EditorMaterials/MatineeGroups/MAT_Groups_Anim.uasset" 71
"../../../Engine/Content/EditorMaterials/MatineeGroups/MAT_Groups_Anim.uexp" 72
"../../../Engine/Content/EditorMaterials/MatineeGroups/MAT_Groups_AudioMaster.uasset" 73
"../../../Engine/Content/EditorMaterials/MatineeGroups/MAT_Groups_AudioMaster.uexp" 74
"../../../Engine/Content/EditorMaterials/MatineeGroups/MAT_Groups_Director.uasset" 75
"../../../Engine/Content/EditorMaterials/MatineeGroups/MAT_Groups_Director.uexp" 76
"../../../Engine/Content/EditorMaterials/MatineeGroups/MAT_Groups_Event.uasset" 77
"../../../Engine/Content/EditorMaterials/MatineeGroups/MAT_Groups_Event.uexp" 78
"../../../Engine/Content/EditorMaterials/MatineeGroups/MAT_Groups_Fade.uasset" 79
"../../../Engine/Content/EditorMaterials/MatineeGroups/MAT_Groups_Fade.uexp" 80
"../../../Engine/Content/EditorMaterials/MatineeGroups/MAT_Groups_Float.uasset" 81
"../../../Engine/Content/EditorMaterials/MatineeGroups/MAT_Groups_Float.uexp" 82
"../../../Engine/Content/EditorMaterials/MatineeGroups/MAT_Groups_Move.uasset" 83
"../../../Engine/Content/EditorMaterials/MatineeGroups/MAT_Groups_Move.uexp" 84
"../../../Engine/Content/EditorMaterials/MatineeGroups/MAT_Groups_Slomo.uasset" 85
"../../../Engine/Content/EditorMaterials/MatineeGroups/MAT_Groups_Slomo.uexp" 86
"../../../Engine/Content/EditorMaterials/MatineeGroups/MAT_Groups_Sound.uasset" 87
"../../../Engine/Content/EditorMaterials/MatineeGroups/MAT_Groups_Sound.uexp" 88
"../../../Engine/Content/EditorMaterials/MatineeGroups/MAT_Groups_Vector.uasset" 89
"../../../Engine/Content/EditorMaterials/MatineeGroups/MAT_Groups_Vector.uexp" 90
"../../../Engine/Content/EditorMaterials/ParticleSystems/PSysThumbnail_NoImage.uasset" 91
"../../../Engine/Content/EditorMaterials/ParticleSystems/PSysThumbnail_NoImage.uexp" 92
"../../../Engine/Content/EditorMaterials/ParticleSystems/PSysThumbnail_NoImage.ubulk" 93
"../../../Engine/Content/EditorMaterials/ParticleSystems/PSysThumbnail_OOD.uasset" 94
"../../../Engine/Content/EditorMaterials/ParticleSystems/PSysThumbnail_OOD.uexp" 95
"../../../Engine/Content/EditorMaterials/ParticleSystems/PSysThumbnail_OOD.ubulk" 96
"../../../Engine/Content/EditorMaterials/Camera/CineMat.uasset" 97
"../../../Engine/Content/EditorMaterials/Camera/CineMat.uexp" 98
"../../../Engine/Content/EditorMaterials/Camera/MI_CineMat_Rig.uasset" 99
"../../../Engine/Content/EditorMaterials/Camera/MI_CineMat_Rig.uexp" 100
"../../../Engine/Content/EditorMeshes/Camera/SM_CraneRig_Arm.uasset" 101
"../../../Engine/Content/EditorMeshes/Camera/SM_CraneRig_Arm.uexp" 102
"../../../Engine/Content/EditorMeshes/Camera/SM_CraneRig_Base.uasset" 103
"../../../Engine/Content/EditorMeshes/Camera/SM_CraneRig_Base.uexp" 104
"../../../Engine/Content/EditorMeshes/Camera/SM_CraneRig_Body.uasset" 105
"../../../Engine/Content/EditorMeshes/Camera/SM_CraneRig_Body.uexp" 106
"../../../Engine/Content/EditorMeshes/Camera/SM_CraneRig_Mount.uasset" 107
"../../../Engine/Content/EditorMeshes/Camera/SM_CraneRig_Mount.uexp" 108
"../../../Engine/Content/EditorMeshes/Camera/SM_RailRig_Mount.uasset" 109
"../../../Engine/Content/EditorMeshes/Camera/SM_RailRig_Mount.uexp" 110
"../../../Engine/Content/EditorMeshes/Camera/SM_RailRig_Track.uasset" 111
"../../../Engine/Content/EditorMeshes/Camera/SM_RailRig_Track.uexp" 112
"../../../Engine/Content/EditorResources/BSPVertex.uasset" 113
"../../../Engine/Content/EditorResources/BSPVertex.uexp" 114
"../../../Engine/Content/EditorResources/EmptyActor.uasset" 115
"../../../Engine/Content/EditorResources/EmptyActor.uexp" 116
"../../../Engine/Content/EditorResources/S_Actor.uasset" 117
"../../../Engine/Content/EditorResources/S_Actor.uexp" 118
"../../../Engine/Content/EditorResources/S_Actor.ubulk" 119
"../../../Engine/Content/EditorResources/S_Note.uasset" 120
"../../../Engine/Content/EditorResources/S_Note.uexp" 121
"../../../Engine/Content/EditorResources/S_Note.ubulk" 122
"../../../Engine/Content/EditorResources/S_Solver.uasset" 123
"../../../Engine/Content/EditorResources/S_Solver.uexp" 124
"../../../Engine/Content/EditorResources/S_Solver.ubulk" 125
"../../../Engine/Content/EditorResources/S_Terrain.uasset" 126
"../../../Engine/Content/EditorResources/S_Terrain.uexp" 127
"../../../Engine/Content/EditorResources/S_Terrain.ubulk" 128
"../../../Engine/Content/EditorResources/S_Trigger.uasset" 129
"../../../Engine/Content/EditorResources/S_Trigger.uexp" 130
"../../../Engine/Content/EditorResources/S_Trigger.ubulk" 131
"../../../Engine/Content/EditorResources/LightIcons/S_LightError.uasset" 132
"../../../Engine/Content/EditorResources/LightIcons/S_LightError.uexp" 133
"../../../Engine/Content/EditorResources/SequenceRecorder/Countdown.uasset" 134
"../../../Engine/Content/EditorResources/SequenceRecorder/Countdown.uexp" 135
"../../../Engine/Content/EditorResources/SequenceRecorder/RecordingIndicator.uasset" 136
"../../../Engine/Content/EditorResources/SequenceRecorder/RecordingIndicator.uexp" 137
"../../../Engine/Content/EngineDamageTypes/DmgTypeBP_Environmental.uasset" 138
"../../../Engine/Content/EngineDamageTypes/DmgTypeBP_Environmental.uexp" 139
"../../../Engine/Content/EngineDebugMaterials/DebugEditorMaterial.uasset" 140
"../../../Engine/Content/EngineDebugMaterials/DebugEditorMaterial.uexp" 141
"../../../Engine/Content/EngineDebugMaterials/DebugMeshMaterial.uasset" 142
"../../../Engine/Content/EngineDebugMaterials/DebugMeshMaterial.uexp" 143
"../../../Engine/Content/EngineDebugMaterials/M_SimpleUnlitTranslucent.uasset" 144
"../../../Engine/Content/EngineDebugMaterials/M_SimpleUnlitTranslucent.uexp" 145
"../../../Engine/Content/EngineDebugMaterials/VolumeToRender.uasset" 146
"../../../Engine/Content/EngineDebugMaterials/VolumeToRender.uexp" 147
"../../../Engine/Content/Functions/Engine_MaterialFunctions02/Utility/CameraDirectionVector.uasset" 148
"../../../Engine/Content/Functions/Engine_MaterialFunctions02/Utility/CameraDirectionVector.uexp" 149
"../../../Engine/Content/EngineDebugMaterials/M_VolumeRenderSphereTracePP.uasset" 150
"../../../Engine/Content/EngineDebugMaterials/M_VolumeRenderSphereTracePP.uexp" 151
"../../../Engine/Content/Functions/Engine_MaterialFunctions01/Shading/ConvertFromDiffSpec.uasset" 152
"../../../Engine/Content/Functions/Engine_MaterialFunctions01/Shading/ConvertFromDiffSpec.uexp" 153
"../../../Engine/Content/EngineDebugMaterials/VertexColorMaterial.uasset" 154
"../../../Engine/Content/EngineDebugMaterials/VertexColorMaterial.uexp" 155
"../../../Engine/Content/EngineDebugMaterials/WireframeMaterial.uasset" 156
"../../../Engine/Content/EngineDebugMaterials/WireframeMaterial.uexp" 157
"../../../Engine/Content/EngineFonts/Faces/RobotoRegular.uasset" 158
"../../../Engine/Content/EngineFonts/Faces/RobotoRegular.uexp" 159
"../../../Engine/Content/EngineFonts/Faces/RobotoRegular.ufont" 160
"../../../Engine/Content/EngineFonts/Faces/RobotoLight.uasset" 161
"../../../Engine/Content/EngineFonts/Faces/RobotoLight.uexp" 162
"../../../Engine/Content/EngineFonts/Faces/RobotoLight.ufont" 163
"../../../Engine/Content/EngineFonts/Faces/RobotoItalic.uasset" 164
"../../../Engine/Content/EngineFonts/Faces/RobotoItalic.uexp" 165
"../../../Engine/Content/EngineFonts/Faces/RobotoItalic.ufont" 166
"../../../Engine/Content/EngineFonts/Faces/RobotoBoldItalic.uasset" 167
"../../../Engine/Content/EngineFonts/Faces/RobotoBoldItalic.uexp" 168
"../../../Engine/Content/EngineFonts/Faces/RobotoBoldItalic.ufont" 169
"../../../Engine/Content/EngineFonts/Faces/RobotoBold.uasset" 170
"../../../Engine/Content/EngineFonts/Faces/RobotoBold.uexp" 171
"../../../Engine/Content/EngineFonts/Faces/RobotoBold.ufont" 172
"../../../Engine/Content/EngineFonts/Roboto.uasset" 173
"../../../Engine/Content/EngineFonts/Roboto.uexp" 174
"../../../Engine/Content/EngineMaterials/BaseFlattenNormalMap.uasset" 175
"../../../Engine/Content/EngineMaterials/BaseFlattenNormalMap.uexp" 176
"../../../Engine/Content/EngineMaterials/BaseFlattenGrayscaleMap.uasset" 177
"../../../Engine/Content/EngineMaterials/BaseFlattenGrayscaleMap.uexp" 178
"../../../Engine/Content/EngineMaterials/BaseFlattenEmissiveMap.uasset" 179
"../../../Engine/Content/EngineMaterials/BaseFlattenEmissiveMap.uexp" 180
"../../../Engine/Content/EngineMaterials/BaseFlattenDiffuseMap.uasset" 181
"../../../Engine/Content/EngineMaterials/BaseFlattenDiffuseMap.uexp" 182
"../../../Engine/Content/EngineMaterials/BaseFlattenMaterial.uasset" 183
"../../../Engine/Content/EngineMaterials/BaseFlattenMaterial.uexp" 184
"../../../Engine/Content/EngineMaterials/BlueNoise.uasset" 185
"../../../Engine/Content/EngineMaterials/BlueNoise.uexp" 186
"../../../Engine/Content/EngineMaterials/DefaultBloomKernel.uasset" 187
"../../../Engine/Content/EngineMaterials/DefaultBloomKernel.uexp" 188
"../../../Engine/Content/EngineMaterials/DefaultBokeh.uasset" 189
"../../../Engine/Content/EngineMaterials/DefaultBokeh.uexp" 190
"../../../Engine/Content/EngineMaterials/DefaultDiffuse.uasset" 191
"../../../Engine/Content/EngineMaterials/DefaultDiffuse.uexp" 192
"../../../Engine/Content/EngineMaterials/DefaultDiffuse.ubulk" 193
"../../../Engine/Content/EngineMaterials/DefaultDeferredDecalMaterial.uasset" 194
"../../../Engine/Content/EngineMaterials/DefaultDeferredDecalMaterial.uexp" 195
"../../../Engine/Content/EngineMaterials/DefaultLightFunctionMaterial.uasset" 196
"../../../Engine/Content/EngineMaterials/DefaultLightFunctionMaterial.uexp" 197
"../../../Engine/Content/EngineMaterials/DefaultPhysicalMaterial.uasset" 198
"../../../Engine/Content/EngineMaterials/DefaultPhysicalMaterial.uexp" 199
"../../../Engine/Content/Functions/Engine_MaterialFunctions02/Utility/BreakOutFloat2Components.uasset" 200
"../../../Engine/Content/Functions/Engine_MaterialFunctions02/Utility/BreakOutFloat2Components.uexp" 201
"../../../Engine/Content/EngineMaterials/DefaultPostProcessMaterial.uasset" 202
"../../../Engine/Content/EngineMaterials/DefaultPostProcessMaterial.uexp" 203
"../../../Engine/Content/EngineFonts/RobotoDistanceField.uasset" 204
"../../../Engine/Content/EngineFonts/RobotoDistanceField.uexp" 205
"../../../Engine/Content/EngineMaterials/DefaultTextMaterialOpaque.uasset" 206
"../../../Engine/Content/EngineMaterials/DefaultTextMaterialOpaque.uexp" 207
"../../../Engine/Content/EngineMaterials/DefaultWhiteGrid.uasset" 208
"../../../Engine/Content/EngineMaterials/DefaultWhiteGrid.uexp" 209
"../../../Engine/Content/EngineMaterials/DefaultWhiteGrid.ubulk" 210
"../../../Engine/Content/EngineMaterials/DefaultWhiteGrid_Low.uasset" 211
"../../../Engine/Content/EngineMaterials/DefaultWhiteGrid_Low.uexp" 212
"../../../Engine/Content/EngineMaterials/EmissiveMeshMaterial.uasset" 213
"../../../Engine/Content/EngineMaterials/EmissiveMeshMaterial.uexp" 214
"../../../Engine/Content/EngineMaterials/GizmoMaterial.uasset" 215
"../../../Engine/Content/EngineMaterials/GizmoMaterial.uexp" 216
"../../../Engine/Content/EngineMaterials/Good64x64TilingNoiseHighFreq.uasset" 217
"../../../Engine/Content/EngineMaterials/Good64x64TilingNoiseHighFreq.uexp" 218
"../../../Engine/Content/EngineMaterials/MiniFont.uasset" 219
"../../../Engine/Content/EngineMaterials/MiniFont.uexp" 220
"../../../Engine/Content/EngineMaterials/InvalidLightmapSettings.uasset" 221
"../../../Engine/Content/EngineMaterials/InvalidLightmapSettings.uexp" 222
"../../../Engine/Content/EngineMaterials/InvalidLightmapSettings.ubulk" 223
"../../../Engine/Content/EngineMaterials/M_InvalidLightmapSettings.uasset" 224
"../../../Engine/Content/EngineMaterials/M_InvalidLightmapSettings.uexp" 225
"../../../Engine/Content/Functions/Engine_MaterialFunctions02/WorldPositionOffset/CameraOffset.uasset" 226
"../../../Engine/Content/Functions/Engine_MaterialFunctions02/WorldPositionOffset/CameraOffset.uexp" 227
"../../../Engine/Content/EngineMaterials/PhAT_JointLimitMaterial.uasset" 228
"../../../Engine/Content/EngineMaterials/PhAT_JointLimitMaterial.uexp" 229
"../../../Engine/Content/EngineMaterials/DefaultCalibrationColor.uasset" 230
"../../../Engine/Content/EngineMaterials/DefaultCalibrationColor.uexp" 231
"../../../Engine/Content/EngineMaterials/PPM_DefaultCalibrationColor.uasset" 232
"../../../Engine/Content/EngineMaterials/PPM_DefaultCalibrationColor.uexp" 233
"../../../Engine/Content/EngineMaterials/DefaultCalibrationGrayscale.uasset" 234
"../../../Engine/Content/EngineMaterials/DefaultCalibrationGrayscale.uexp" 235
"../../../Engine/Content/EngineMaterials/PPM_DefaultCalibrationGrayscale.uasset" 236
"../../../Engine/Content/EngineMaterials/PPM_DefaultCalibrationGrayscale.uexp" 237
"../../../Engine/Content/EngineMaterials/PreintegratedSkinBRDF.uasset" 238
"../../../Engine/Content/EngineMaterials/PreintegratedSkinBRDF.uexp" 239
"../../../Engine/Content/EngineMaterials/RemoveSurfaceMaterial.uasset" 240
"../../../Engine/Content/EngineMaterials/RemoveSurfaceMaterial.uexp" 241
"../../../Engine/Content/EngineMaterials/WeightMapPlaceholderTexture.uasset" 242
"../../../Engine/Content/EngineMaterials/WeightMapPlaceholderTexture.uexp" 243
"../../../Engine/Content/EngineResources/WhiteSquareTexture.uasset" 244
"../../../Engine/Content/EngineResources/WhiteSquareTexture.uexp" 245
"../../../Engine/Content/EngineMaterials/Widget3DPassThrough.uasset" 246
"../../../Engine/Content/EngineMaterials/Widget3DPassThrough.uexp" 247
"../../../Engine/Content/EngineMaterials/Widget3DPassThrough_Masked.uasset" 248
"../../../Engine/Content/EngineMaterials/Widget3DPassThrough_Masked.uexp" 249
"../../../Engine/Content/EngineMaterials/Widget3DPassThrough_Opaque.uasset" 250
"../../../Engine/Content/EngineMaterials/Widget3DPassThrough_Opaque.uexp" 251
"../../../Engine/Content/EngineMaterials/Widget3DPassThrough_Masked_OneSided.uasset" 252
"../../../Engine/Content/EngineMaterials/Widget3DPassThrough_Masked_OneSided.uexp" 253
"../../../Engine/Content/EngineMaterials/Widget3DPassThrough_Opaque_OneSided.uasset" 254
"../../../Engine/Content/EngineMaterials/Widget3DPassThrough_Opaque_OneSided.uexp" 255
"../../../Engine/Content/EngineMaterials/Widget3DPassThrough_Translucent.uasset" 256
"../../../Engine/Content/EngineMaterials/Widget3DPassThrough_Translucent.uexp" 257
"../../../Engine/Content/EngineMaterials/Widget3DPassThrough_Translucent_OneSided.uasset" 258
"../../../Engine/Content/EngineMaterials/Widget3DPassThrough_Translucent_OneSided.uexp" 259
"../../../Engine/Content/EngineMeshes/Cylinder.uasset" 260
"../../../Engine/Content/EngineMeshes/Cylinder.uexp" 261
"../../../Engine/Content/EngineMeshes/Sphere.uasset" 262
"../../../Engine/Content/EngineMeshes/Sphere.uexp" 263
"../../../Engine/Content/EngineResources/DefaultTexture.uasset" 264
"../../../Engine/Content/EngineResources/DefaultTexture.uexp" 265
"../../../Engine/Content/EngineResources/DefaultTexture.ubulk" 266
"../../../Engine/Content/EngineResources/DefaultTextureCube.uasset" 267
"../../../Engine/Content/EngineResources/DefaultTextureCube.uexp" 268
"../../../Engine/Content/EngineResources/DefaultVolumeTexture2D.uasset" 269
"../../../Engine/Content/EngineResources/DefaultVolumeTexture2D.uexp" 270
"../../../Engine/Content/EngineResources/DefaultVolumeTexture.uasset" 271
"../../../Engine/Content/EngineResources/DefaultVolumeTexture.uexp" 272
"../../../Engine/Content/EngineResources/GradientTexture0.uasset" 273
"../../../Engine/Content/EngineResources/GradientTexture0.uexp" 274
"../../../Engine/Content/EngineSky/VolumetricClouds/T_NoiseShape64.uasset" 275
"../../../Engine/Content/EngineSky/VolumetricClouds/T_NoiseShape64.uexp" 276
"../../../Engine/Content/EngineSky/VolumetricClouds/T_NoiseShape64.ubulk" 277
"../../../Engine/Content/EngineSky/VolumetricClouds/T_VolumeNoiseShape64.uasset" 278
"../../../Engine/Content/EngineSky/VolumetricClouds/T_VolumeNoiseShape64.uexp" 279
"../../../Engine/Content/EngineSky/VolumetricClouds/T_NoiseErosion.uasset" 280
"../../../Engine/Content/EngineSky/VolumetricClouds/T_NoiseErosion.uexp" 281
"../../../Engine/Content/EngineSky/VolumetricClouds/T_NoiseErosion.ubulk" 282
"../../../Engine/Content/EngineSky/VolumetricClouds/T_VolumeNoiseErosion32.uasset" 283
"../../../Engine/Content/EngineSky/VolumetricClouds/T_VolumeNoiseErosion32.uexp" 284
"../../../Engine/Content/EngineSky/VolumetricClouds/CloudWeatherTexture.uasset" 285
"../../../Engine/Content/EngineSky/VolumetricClouds/CloudWeatherTexture.uexp" 286
"../../../Engine/Content/EngineSky/VolumetricClouds/CloudGradientTexture.uasset" 287
"../../../Engine/Content/EngineSky/VolumetricClouds/CloudGradientTexture.uexp" 288
"../../../Engine/Content/Functions/Engine_MaterialFunctions02/Utility/MakeFloat2.uasset" 289
"../../../Engine/Content/Functions/Engine_MaterialFunctions02/Utility/MakeFloat2.uexp" 290
"../../../Engine/Content/EngineSky/VolumetricClouds/m_SimpleVolumetricCloud.uasset" 291
"../../../Engine/Content/EngineSky/VolumetricClouds/m_SimpleVolumetricCloud.uexp" 292
"../../../Engine/Content/EngineSky/VolumetricClouds/m_SimpleVolumetricCloud_Inst.uasset" 293
"../../../Engine/Content/EngineSky/VolumetricClouds/m_SimpleVolumetricCloud_Inst.uexp" 294
"../../../Engine/Content/EngineSounds/Master.uasset" 295
"../../../Engine/Content/EngineSounds/Master.uexp" 296
"../../../Engine/Content/Functions/Engine_MaterialFunctions01/Shading/PowerToRoughness.uasset" 297
"../../../Engine/Content/Functions/Engine_MaterialFunctions01/Shading/PowerToRoughness.uexp" 298
"../../../Engine/Content/Maps/Templates/Thumbnails/Default.uasset" 299
"../../../Engine/Content/Maps/Templates/Thumbnails/Default.uexp" 300
"../../../Engine/Content/Maps/Templates/Thumbnails/TimeOfDay.uasset" 301
"../../../Engine/Content/Maps/Templates/Thumbnails/TimeOfDay.uexp" 302
"../../../Engine/Content/Maps/Templates/Thumbnails/VR-Basic.uasset" 303
"../../../Engine/Content/Maps/Templates/Thumbnails/VR-Basic.uexp" 304
"../../../Engine/Content/MobileResources/T_MobileControls_texture.uasset" 305
"../../../Engine/Content/MobileResources/T_MobileControls_texture.uexp" 306
"../../../Engine/Content/MobileResources/T_MobileMenu2.uasset" 307
"../../../Engine/Content/MobileResources/T_MobileMenu2.uexp" 308
"../../../Engine/Content/MobileResources/HUD/AnalogHat.uasset" 309
"../../../Engine/Content/MobileResources/HUD/AnalogHat.uexp" 310
"../../../Engine/Content/MobileResources/HUD/VirtualJoystick_Thumb.uasset" 311
"../../../Engine/Content/MobileResources/HUD/VirtualJoystick_Thumb.uexp" 312
"../../../Engine/Content/MobileResources/HUD/VirtualJoystick_Background.uasset" 313
"../../../Engine/Content/MobileResources/HUD/VirtualJoystick_Background.uexp" 314
"../../../Engine/Content/MobileResources/HUD/DefaultVirtualJoysticks.uasset" 315
"../../../Engine/Content/MobileResources/HUD/DefaultVirtualJoysticks.uexp" 316
"../../../Engine/Content/MobileResources/HUD/LeftVirtualJoystickOnly.uasset" 317
"../../../Engine/Content/MobileResources/HUD/LeftVirtualJoystickOnly.uexp" 318
"../../../Engine/Content/MobileResources/HUD/MobileHUDButton1_off.uasset" 319
"../../../Engine/Content/MobileResources/HUD/MobileHUDButton1_off.uexp" 320
"../../../Engine/Content/MobileResources/HUD/MobileHUDButton1_on.uasset" 321
"../../../Engine/Content/MobileResources/HUD/MobileHUDButton1_on.uexp" 322
"../../../Engine/Content/MobileResources/HUD/MobileHUDButton2_off.uasset" 323
"../../../Engine/Content/MobileResources/HUD/MobileHUDButton2_off.uexp" 324
"../../../Engine/Content/MobileResources/HUD/MobileHUDButton2_on.uasset" 325
"../../../Engine/Content/MobileResources/HUD/MobileHUDButton2_on.uexp" 326
"../../../Engine/Content/MobileResources/HUD/MobileHUDButton3.uasset" 327
"../../../Engine/Content/MobileResources/HUD/MobileHUDButton3.uexp" 328
"../../../Engine/Content/MobileResources/HUD/MobileHUDButtonFire.uasset" 329
"../../../Engine/Content/MobileResources/HUD/MobileHUDButtonFire.uexp" 330
"../../../Engine/Content/MobileResources/HUD/MobileHUDDirectionPad.uasset" 331
"../../../Engine/Content/MobileResources/HUD/MobileHUDDirectionPad.uexp" 332
"../../../Engine/Content/MobileResources/HUD/MobileHUDDirectionPad2.uasset" 333
"../../../Engine/Content/MobileResources/HUD/MobileHUDDirectionPad2.uexp" 334
"../../../Engine/Content/MobileResources/HUD/MobileHUDDirectionPad3.uasset" 335
"../../../Engine/Content/MobileResources/HUD/MobileHUDDirectionPad3.uexp" 336
"../../../Engine/Content/MobileResources/HUD/MobileHUDDirectionStick.uasset" 337
"../../../Engine/Content/MobileResources/HUD/MobileHUDDirectionStick.uexp" 338
"../../../Engine/Content/MobileResources/HUD/T_Castle_ThumbstickInner.uasset" 339
"../../../Engine/Content/MobileResources/HUD/T_Castle_ThumbstickInner.uexp" 340
"../../../Engine/Content/MobileResources/HUD/T_Castle_ThumbstickOutter.uasset" 341
"../../../Engine/Content/MobileResources/HUD/T_Castle_ThumbstickOutter.uexp" 342
"../../../Engine/Content/Tutorial/ContentIntroCurve.uasset" 343
"../../../Engine/Content/Tutorial/ContentIntroCurve.uexp" 344
"../../../Engine/Content/VREditor/TransformGizmo/TranslucentTransformGizmoMaterial.uasset" 345
"../../../Engine/Content/VREditor/TransformGizmo/TranslucentTransformGizmoMaterial.uexp" 346
"../../../Engine/Content/VREditor/LaserPointer/VR_LaserPower_01.uasset" 347
"../../../Engine/Content/VREditor/LaserPointer/VR_LaserPower_01.uexp" 348
"../../../Engine/Content/VREditor/LaserPointer/VR_LaserPower_01.ubulk" 349
"../../../Engine/Content/VREditor/TransformGizmo/TransformGizmoMaterial.uasset" 350
"../../../Engine/Content/VREditor/TransformGizmo/TransformGizmoMaterial.uexp" 351
"../../../Engine/Content/VREditor/TransformGizmo/BoundingBoxCorner.uasset" 352
"../../../Engine/Content/VREditor/TransformGizmo/BoundingBoxCorner.uexp" 353
"../../../Engine/Content/VREditor/TransformGizmo/BoundingBoxEdge.uasset" 354
"../../../Engine/Content/VREditor/TransformGizmo/BoundingBoxEdge.uexp" 355
"../../../Engine/Content/VREditor/TransformGizmo/PlaneTranslationHandle.uasset" 356
"../../../Engine/Content/VREditor/TransformGizmo/PlaneTranslationHandle.uexp" 357
"../../../Engine/Content/VREditor/TransformGizmo/Xray.uasset" 358
"../../../Engine/Content/VREditor/TransformGizmo/Xray.uexp" 359
"../../../Engine/Content/VREditor/TransformGizmo/Main.uasset" 360
"../../../Engine/Content/VREditor/TransformGizmo/Main.uexp" 361
"../../../Engine/Content/VREditor/TransformGizmo/SM_Sequencer_Key.uasset" 362
"../../../Engine/Content/VREditor/TransformGizmo/SM_Sequencer_Key.uexp" 363
"../../../Engine/Content/VREditor/TransformGizmo/SM_Sequencer_Node.uasset" 364
"../../../Engine/Content/VREditor/TransformGizmo/SM_Sequencer_Node.uexp" 365
"../../../Engine/Plugins/2D/Paper2D/Content/PlaceholderTextures/DummySpriteTexture.uasset" 366
"../../../Engine/Plugins/2D/Paper2D/Content/PlaceholderTextures/DummySpriteTexture.uexp" 367
"../../../Engine/Plugins/2D/Paper2D/Content/PlaceholderTextures/DummySpriteTexture.ubulk" 368
"../../../Engine/Plugins/2D/Paper2D/Content/DummySprite.uasset" 369
"../../../Engine/Plugins/2D/Paper2D/Content/DummySprite.uexp" 370
"../../../Engine/Plugins/2D/Paper2D/Content/DefaultPaperTerrainMaterial.uasset" 371
"../../../Engine/Plugins/2D/Paper2D/Content/DefaultPaperTerrainMaterial.uexp" 372
"../../../Engine/Plugins/2D/Paper2D/Content/DefaultSpriteMaterial.uasset" 373
"../../../Engine/Plugins/2D/Paper2D/Content/DefaultSpriteMaterial.uexp" 374
"../../../Engine/Plugins/2D/Paper2D/Content/MaskedUnlitSpriteMaterial.uasset" 375
"../../../Engine/Plugins/2D/Paper2D/Content/MaskedUnlitSpriteMaterial.uexp" 376
"../../../Engine/Plugins/2D/Paper2D/Content/OpaqueUnlitSpriteMaterial.uasset" 377
"../../../Engine/Plugins/2D/Paper2D/Content/OpaqueUnlitSpriteMaterial.uexp" 378
"../../../Engine/Content/Functions/Engine_MaterialFunctions02/Utility/VectorLength.uasset" 379
"../../../Engine/Content/Functions/Engine_MaterialFunctions02/Utility/VectorLength.uexp" 380
"../../../Engine/Content/Functions/Engine_MaterialFunctions02/WorldPositionOffset/ObjectScale.uasset" 381
"../../../Engine/Content/Functions/Engine_MaterialFunctions02/WorldPositionOffset/ObjectScale.uexp" 382
"../../../Engine/Content/Functions/Engine_MaterialFunctions02/Utility/BreakOutFloat3Components.uasset" 383
"../../../Engine/Content/Functions/Engine_MaterialFunctions02/Utility/BreakOutFloat3Components.uexp" 384
"../../../Engine/Content/Functions/Engine_MaterialFunctions02/ObjectLocalBounds.uasset" 385
"../../../Engine/Content/Functions/Engine_MaterialFunctions02/ObjectLocalBounds.uexp" 386
"../../../Engine/Content/Functions/Engine_MaterialFunctions02/SafeNormalize.uasset" 387
"../../../Engine/Content/Functions/Engine_MaterialFunctions02/SafeNormalize.uexp" 388
"../../../Engine/Plugins/Editor/SpeedTreeImporter/Content/SpeedTree9/UnpackInteger3.uasset" 389
"../../../Engine/Plugins/Editor/SpeedTreeImporter/Content/SpeedTree9/UnpackInteger3.uexp" 390
"../../../Engine/Plugins/Editor/SpeedTreeImporter/Content/SpeedTree9/UnpackDirection.uasset" 391
"../../../Engine/Plugins/Editor/SpeedTreeImporter/Content/SpeedTree9/UnpackDirection.uexp" 392
"../../../Engine/Plugins/Editor/SpeedTreeImporter/Content/SpeedTree9/game_wind_noise.uasset" 393
"../../../Engine/Plugins/Editor/SpeedTreeImporter/Content/SpeedTree9/game_wind_noise.uexp" 394
"../../../Engine/Plugins/Editor/SpeedTreeImporter/Content/SpeedTree9/game_wind_noise.ubulk" 395
"../../../Engine/Plugins/Editor/SpeedTreeImporter/Content/SpeedTree9/SpeedTreeWindMotion.uasset" 396
"../../../Engine/Plugins/Editor/SpeedTreeImporter/Content/SpeedTree9/SpeedTreeWindMotion.uexp" 397
"../../../Engine/Plugins/Editor/SpeedTreeImporter/Content/SpeedTree9/SpeedTreeBranchMotion.uasset" 398
"../../../Engine/Plugins/Editor/SpeedTreeImporter/Content/SpeedTree9/SpeedTreeBranchMotion.uexp" 399
"../../../Engine/Content/Functions/Engine_MaterialFunctions02/UVs/BoundingBoxBased_0-1_UVW.uasset" 400
"../../../Engine/Content/Functions/Engine_MaterialFunctions02/UVs/BoundingBoxBased_0-1_UVW.uexp" 401
"../../../Engine/Plugins/Editor/SpeedTreeImporter/Content/SpeedTree9/SpeedTreeWind.uasset" 402
"../../../Engine/Plugins/Editor/SpeedTreeImporter/Content/SpeedTree9/SpeedTreeWind.uexp" 403
"../../../Engine/Plugins/Editor/SpeedTreeImporter/Content/SpeedTree9/SpeedTreeBillboard.uasset" 404
"../../../Engine/Plugins/Editor/SpeedTreeImporter/Content/SpeedTree9/SpeedTreeBillboard.uexp" 405
"../../../Engine/Plugins/Editor/SpeedTreeImporter/Content/SpeedTree9/EmptyNormal.uasset" 406
"../../../Engine/Plugins/Editor/SpeedTreeImporter/Content/SpeedTree9/EmptyNormal.uexp" 407
"../../../Engine/Plugins/Editor/SpeedTreeImporter/Content/SpeedTree9/Empty.uasset" 408
"../../../Engine/Plugins/Editor/SpeedTreeImporter/Content/SpeedTree9/Empty.uexp" 409
"../../../Engine/Plugins/Editor/SpeedTreeImporter/Content/SpeedTree9/SpeedTreeBillboardMaster.uasset" 410
"../../../Engine/Plugins/Editor/SpeedTreeImporter/Content/SpeedTree9/SpeedTreeBillboardMaster.uexp" 411
"../../../Engine/Plugins/Editor/SpeedTreeImporter/Content/SpeedTree9/SpeedTreeCameraFacing.uasset" 412
"../../../Engine/Plugins/Editor/SpeedTreeImporter/Content/SpeedTree9/SpeedTreeCameraFacing.uexp" 413
"../../../Engine/Plugins/Editor/SpeedTreeImporter/Content/SpeedTree9/SpeedTreeMaster.uasset" 414
"../../../Engine/Plugins/Editor/SpeedTreeImporter/Content/SpeedTree9/SpeedTreeMaster.uexp" 415
"../../../Engine/Content/ArtTools/RenderToTexture/Materials/Debug/M_Emissive_Color.uasset" 416
"../../../Engine/Content/ArtTools/RenderToTexture/Materials/Debug/M_Emissive_Color.uexp" 417
"../../../Engine/Content/BasicShapes/Cylinder.uasset" 418
"../../../Engine/Content/BasicShapes/Cylinder.uexp" 419
"../../../Engine/Plugins/Lumin/MagicLeapPassableWorld/Content/MagicLeapARPinInfoActor.uasset" 420
"../../../Engine/Plugins/Lumin/MagicLeapPassableWorld/Content/MagicLeapARPinInfoActor.uexp" 421
"../../../Engine/Content/EngineResources/Black.uasset" 422
"../../../Engine/Content/EngineResources/Black.uexp" 423
"../../../Engine/Plugins/Runtime/OpenXR/Content/Devices/GoogleDaydream/MRTexture.uasset" 424
"../../../Engine/Plugins/Runtime/OpenXR/Content/Devices/GoogleDaydream/MRTexture.uexp" 425
"../../../Engine/Plugins/Runtime/OpenXR/Content/Devices/GoogleDaydream/MRTexture.ubulk" 426
"../../../Engine/Plugins/Runtime/OpenXR/Content/Devices/GoogleDaydream/BaseTexture.uasset" 427
"../../../Engine/Plugins/Runtime/OpenXR/Content/Devices/GoogleDaydream/BaseTexture.uexp" 428
"../../../Engine/Plugins/Runtime/OpenXR/Content/Devices/GoogleDaydream/BaseTexture.ubulk" 429
"../../../Engine/Plugins/Runtime/OpenXR/Content/Devices/M_XRController.uasset" 430
"../../../Engine/Plugins/Runtime/OpenXR/Content/Devices/M_XRController.uexp" 431
"../../../Engine/Plugins/Runtime/OpenXR/Content/Devices/GoogleDaydream/MI_GoogleDaydream.uasset" 432
"../../../Engine/Plugins/Runtime/OpenXR/Content/Devices/GoogleDaydream/MI_GoogleDaydream.uexp" 433
"../../../Engine/Plugins/Runtime/OpenXR/Content/Devices/GoogleDaydream/GoogleDaydreamController.uasset" 434
"../../../Engine/Plugins/Runtime/OpenXR/Content/Devices/GoogleDaydream/GoogleDaydreamController.uexp" 435
"../../../Engine/Plugins/Runtime/OpenXR/Content/Devices/HTCVive/BaseTexture.uasset" 436
"../../../Engine/Plugins/Runtime/OpenXR/Content/Devices/HTCVive/BaseTexture.uexp" 437
"../../../Engine/Plugins/Runtime/OpenXR/Content/Devices/HTCVive/BaseTexture.ubulk" 438
"../../../Engine/Plugins/Runtime/OpenXR/Content/Devices/HTCVive/MI_HTCVive.uasset" 439
"../../../Engine/Plugins/Runtime/OpenXR/Content/Devices/HTCVive/MI_HTCVive.uexp" 440
"../../../Engine/Plugins/Runtime/OpenXR/Content/Devices/HTCVive/HTCViveController.uasset" 441
"../../../Engine/Plugins/Runtime/OpenXR/Content/Devices/HTCVive/HTCViveController.uexp" 442
"../../../Engine/Plugins/Runtime/OpenXR/Content/Devices/MicrosoftMixedReality/NormalTexture.uasset" 443
"../../../Engine/Plugins/Runtime/OpenXR/Content/Devices/MicrosoftMixedReality/NormalTexture.uexp" 444
"../../../Engine/Plugins/Runtime/OpenXR/Content/Devices/MicrosoftMixedReality/NormalTexture.ubulk" 445
"../../../Engine/Plugins/Runtime/OpenXR/Content/Devices/MicrosoftMixedReality/MRTexture.uasset" 446
"../../../Engine/Plugins/Runtime/OpenXR/Content/Devices/MicrosoftMixedReality/MRTexture.uexp" 447
"../../../Engine/Plugins/Runtime/OpenXR/Content/Devices/MicrosoftMixedReality/MRTexture.ubulk" 448
"../../../Engine/Plugins/Runtime/OpenXR/Content/Devices/MicrosoftMixedReality/EmissiveTexture.uasset" 449
"../../../Engine/Plugins/Runtime/OpenXR/Content/Devices/MicrosoftMixedReality/EmissiveTexture.uexp" 450
"../../../Engine/Plugins/Runtime/OpenXR/Content/Devices/MicrosoftMixedReality/EmissiveTexture.ubulk" 451
"../../../Engine/Plugins/Runtime/OpenXR/Content/Devices/MicrosoftMixedReality/BaseTexture.uasset" 452
"../../../Engine/Plugins/Runtime/OpenXR/Content/Devices/MicrosoftMixedReality/BaseTexture.uexp" 453
"../../../Engine/Plugins/Runtime/OpenXR/Content/Devices/MicrosoftMixedReality/BaseTexture.ubulk" 454
"../../../Engine/Plugins/Runtime/OpenXR/Content/Devices/MicrosoftMixedReality/MI_MicrosoftMixedReality.uasset" 455
"../../../Engine/Plugins/Runtime/OpenXR/Content/Devices/MicrosoftMixedReality/MI_MicrosoftMixedReality.uexp" 456
"../../../Engine/Plugins/Runtime/OpenXR/Content/Devices/MicrosoftMixedReality/Left/left_MicrosoftMixedRealityController.uasset" 457
"../../../Engine/Plugins/Runtime/OpenXR/Content/Devices/MicrosoftMixedReality/Left/left_MicrosoftMixedRealityController.uexp" 458
"../../../Engine/Plugins/Runtime/OpenXR/Content/Devices/MicrosoftMixedReality/Right/right_MicrosoftMixedRealityController.uasset" 459
"../../../Engine/Plugins/Runtime/OpenXR/Content/Devices/MicrosoftMixedReality/Right/right_MicrosoftMixedRealityController.uexp" 460
"../../../Engine/Plugins/Runtime/OpenXR/Content/Devices/OculusGo/BaseTexture.uasset" 461
"../../../Engine/Plugins/Runtime/OpenXR/Content/Devices/OculusGo/BaseTexture.uexp" 462
"../../../Engine/Plugins/Runtime/OpenXR/Content/Devices/OculusGo/BaseTexture.ubulk" 463
"../../../Engine/Plugins/Runtime/OpenXR/Content/Devices/OculusGo/MI_OculusGo.uasset" 464
"../../../Engine/Plugins/Runtime/OpenXR/Content/Devices/OculusGo/MI_OculusGo.uexp" 465
"../../../Engine/Plugins/Runtime/OpenXR/Content/Devices/OculusGo/OculusGoController.uasset" 466
"../../../Engine/Plugins/Runtime/OpenXR/Content/Devices/OculusGo/OculusGoController.uexp" 467
"../../../Engine/Plugins/Runtime/OpenXR/Content/Devices/OculusTouch/MRTexture.uasset" 468
"../../../Engine/Plugins/Runtime/OpenXR/Content/Devices/OculusTouch/MRTexture.uexp" 469
"../../../Engine/Plugins/Runtime/OpenXR/Content/Devices/OculusTouch/MRTexture.ubulk" 470
"../../../Engine/Plugins/Runtime/OpenXR/Content/Devices/OculusTouch/BaseTexture.uasset" 471
"../../../Engine/Plugins/Runtime/OpenXR/Content/Devices/OculusTouch/BaseTexture.uexp" 472
"../../../Engine/Plugins/Runtime/OpenXR/Content/Devices/OculusTouch/BaseTexture.ubulk" 473
"../../../Engine/Plugins/Runtime/OpenXR/Content/Devices/OculusTouch/MI_OculusTouch.uasset" 474
"../../../Engine/Plugins/Runtime/OpenXR/Content/Devices/OculusTouch/MI_OculusTouch.uexp" 475
"../../../Engine/Plugins/Runtime/OpenXR/Content/Devices/OculusTouch/Left/left_OculusTouchController.uasset" 476
"../../../Engine/Plugins/Runtime/OpenXR/Content/Devices/OculusTouch/Left/left_OculusTouchController.uexp" 477
"../../../Engine/Plugins/Runtime/OpenXR/Content/Devices/OculusTouch/Right/right_OculusTouchController.uasset" 478
"../../../Engine/Plugins/Runtime/OpenXR/Content/Devices/OculusTouch/Right/right_OculusTouchController.uexp" 479
"../../../Engine/Plugins/Runtime/OpenXR/Content/Devices/OculusTouch_v2/MRTexture.uasset" 480
"../../../Engine/Plugins/Runtime/OpenXR/Content/Devices/OculusTouch_v2/MRTexture.uexp" 481
"../../../Engine/Plugins/Runtime/OpenXR/Content/Devices/OculusTouch_v2/MRTexture.ubulk" 482
"../../../Engine/Plugins/Runtime/OpenXR/Content/Devices/OculusTouch_v2/BaseTexture.uasset" 483
"../../../Engine/Plugins/Runtime/OpenXR/Content/Devices/OculusTouch_v2/BaseTexture.uexp" 484
"../../../Engine/Plugins/Runtime/OpenXR/Content/Devices/OculusTouch_v2/BaseTexture.ubulk" 485
"../../../Engine/Plugins/Runtime/OpenXR/Content/Devices/OculusTouch_v2/MI_OculusTouch_v2.uasset" 486
"../../../Engine/Plugins/Runtime/OpenXR/Content/Devices/OculusTouch_v2/MI_OculusTouch_v2.uexp" 487
"../../../Engine/Plugins/Runtime/OpenXR/Content/Devices/OculusTouch_v2/Left/left_OculusTouch_v2Controller.uasset" 488
"../../../Engine/Plugins/Runtime/OpenXR/Content/Devices/OculusTouch_v2/Left/left_OculusTouch_v2Controller.uexp" 489
"../../../Engine/Plugins/Runtime/OpenXR/Content/Devices/OculusTouch_v2/Right/right_OculusTouch_v2Controller.uasset" 490
"../../../Engine/Plugins/Runtime/OpenXR/Content/Devices/OculusTouch_v2/Right/right_OculusTouch_v2Controller.uexp" 491
"../../../Engine/Plugins/Runtime/OpenXR/Content/Devices/OculusTouch_v3/MRTexture.uasset" 492
"../../../Engine/Plugins/Runtime/OpenXR/Content/Devices/OculusTouch_v3/MRTexture.uexp" 493
"../../../Engine/Plugins/Runtime/OpenXR/Content/Devices/OculusTouch_v3/MRTexture.ubulk" 494
"../../../Engine/Plugins/Runtime/OpenXR/Content/Devices/OculusTouch_v3/BaseTexture.uasset" 495
"../../../Engine/Plugins/Runtime/OpenXR/Content/Devices/OculusTouch_v3/BaseTexture.uexp" 496
"../../../Engine/Plugins/Runtime/OpenXR/Content/Devices/OculusTouch_v3/BaseTexture.ubulk" 497
"../../../Engine/Plugins/Runtime/OpenXR/Content/Devices/OculusTouch_v3/MI_OculusTouch_v3.uasset" 498
"../../../Engine/Plugins/Runtime/OpenXR/Content/Devices/OculusTouch_v3/MI_OculusTouch_v3.uexp" 499
"../../../Engine/Plugins/Runtime/OpenXR/Content/Devices/OculusTouch_v3/Left/left_OculusTouch_v3Controller.uasset" 500
"../../../Engine/Plugins/Runtime/OpenXR/Content/Devices/OculusTouch_v3/Left/left_OculusTouch_v3Controller.uexp" 501
"../../../Engine/Plugins/Runtime/OpenXR/Content/Devices/OculusTouch_v3/Right/right_OculusTouch_v3Controller.uasset" 502
"../../../Engine/Plugins/Runtime/OpenXR/Content/Devices/OculusTouch_v3/Right/right_OculusTouch_v3Controller.uexp" 503
"../../../Engine/Plugins/Runtime/OpenXR/Content/Devices/ValveIndex/MRTexture.uasset" 504
"../../../Engine/Plugins/Runtime/OpenXR/Content/Devices/ValveIndex/MRTexture.uexp" 505
"../../../Engine/Plugins/Runtime/OpenXR/Content/Devices/ValveIndex/MRTexture.ubulk" 506
"../../../Engine/Plugins/Runtime/OpenXR/Content/Devices/ValveIndex/BaseTexture.uasset" 507
"../../../Engine/Plugins/Runtime/OpenXR/Content/Devices/ValveIndex/BaseTexture.uexp" 508
"../../../Engine/Plugins/Runtime/OpenXR/Content/Devices/ValveIndex/BaseTexture.ubulk" 509
"../../../Engine/Plugins/Runtime/OpenXR/Content/Devices/ValveIndex/Left/MI_left_ValveIndex.uasset" 510
"../../../Engine/Plugins/Runtime/OpenXR/Content/Devices/ValveIndex/Left/MI_left_ValveIndex.uexp" 511
"../../../Engine/Plugins/Runtime/OpenXR/Content/Devices/ValveIndex/Left/left_ValveIndexController.uasset" 512
"../../../Engine/Plugins/Runtime/OpenXR/Content/Devices/ValveIndex/Left/left_ValveIndexController.uexp" 513
"../../../Engine/Plugins/Runtime/OpenXR/Content/Devices/ValveIndex/Right/MI_right_ValveIndex.uasset" 514
"../../../Engine/Plugins/Runtime/OpenXR/Content/Devices/ValveIndex/Right/MI_right_ValveIndex.uexp" 515
"../../../Engine/Plugins/Runtime/OpenXR/Content/Devices/ValveIndex/Right/right_ValveIndexController.uasset" 516
"../../../Engine/Plugins/Runtime/OpenXR/Content/Devices/ValveIndex/Right/right_ValveIndexController.uexp" 517
"../../../Engine/Content/Functions/Engine_MaterialFunctions02/Utility/BreakOutFloat4Components.uasset" 518
"../../../Engine/Content/Functions/Engine_MaterialFunctions02/Utility/BreakOutFloat4Components.uexp" 519
"../../../Engine/Content/Functions/Engine_MaterialFunctions02/Utility/MakeFloat3.uasset" 520
"../../../Engine/Content/Functions/Engine_MaterialFunctions02/Utility/MakeFloat3.uexp" 521
"../../../Engine/Plugins/Runtime/Oculus/OculusVR/Content/Materials/OculusMR_ChromaKey.uasset" 522
"../../../Engine/Plugins/Runtime/Oculus/OculusVR/Content/Materials/OculusMR_ChromaKey.uexp" 523
"../../../Engine/Plugins/Runtime/Oculus/OculusVR/Content/Materials/OculusMR_OpaqueColoredMaterial.uasset" 524
"../../../Engine/Plugins/Runtime/Oculus/OculusVR/Content/Materials/OculusMR_OpaqueColoredMaterial.uexp" 525
"../../../Engine/Plugins/Runtime/Oculus/OculusVR/Content/Materials/PokeAHoleMaterial.uasset" 526
"../../../Engine/Plugins/Runtime/Oculus/OculusVR/Content/Materials/PokeAHoleMaterial.uexp" 527
"../../../Engine/Plugins/Runtime/Oculus/OculusVR/Content/Textures/touchController_controlmap.uasset" 528
"../../../Engine/Plugins/Runtime/Oculus/OculusVR/Content/Textures/touchController_controlmap.uexp" 529
"../../../Engine/Plugins/Runtime/Oculus/OculusVR/Content/Textures/touchController_controlmap.ubulk" 530
"../../../Engine/Plugins/Runtime/Oculus/OculusVR/Content/Textures/touchController_albedo.uasset" 531
"../../../Engine/Plugins/Runtime/Oculus/OculusVR/Content/Textures/touchController_albedo.uexp" 532
"../../../Engine/Plugins/Runtime/Oculus/OculusVR/Content/Textures/touchController_albedo.ubulk" 533
"../../../Engine/Plugins/Runtime/Oculus/OculusVR/Content/Materials/touchController_mat.uasset" 534
"../../../Engine/Plugins/Runtime/Oculus/OculusVR/Content/Materials/touchController_mat.uexp" 535
"../../../Engine/Plugins/Runtime/Oculus/OculusVR/Content/Meshes/LeftTouchController.uasset" 536
"../../../Engine/Plugins/Runtime/Oculus/OculusVR/Content/Meshes/LeftTouchController.uexp" 537
"../../../Engine/Plugins/Runtime/Oculus/OculusVR/Content/Textures/TouchForQuestRiftSController_albedo.uasset" 538
"../../../Engine/Plugins/Runtime/Oculus/OculusVR/Content/Textures/TouchForQuestRiftSController_albedo.uexp" 539
"../../../Engine/Plugins/Runtime/Oculus/OculusVR/Content/Textures/TouchForQuestRiftSController_albedo.ubulk" 540
"../../../Engine/Plugins/Runtime/Oculus/OculusVR/Content/Materials/TouchForQuestRiftSControllerMaterial.uasset" 541
"../../../Engine/Plugins/Runtime/Oculus/OculusVR/Content/Materials/TouchForQuestRiftSControllerMaterial.uexp" 542
"../../../Engine/Plugins/Runtime/Oculus/OculusVR/Content/Meshes/LeftTouchForQuestRiftSController.uasset" 543
"../../../Engine/Plugins/Runtime/Oculus/OculusVR/Content/Meshes/LeftTouchForQuestRiftSController.uexp" 544
"../../../Engine/Plugins/Runtime/Oculus/OculusVR/Content/Meshes/RiftHMD.uasset" 545
"../../../Engine/Plugins/Runtime/Oculus/OculusVR/Content/Meshes/RiftHMD.uexp" 546
"../../../Engine/Plugins/Runtime/Oculus/OculusVR/Content/Meshes/RightTouchController.uasset" 547
"../../../Engine/Plugins/Runtime/Oculus/OculusVR/Content/Meshes/RightTouchController.uexp" 548
"../../../Engine/Plugins/Runtime/Oculus/OculusVR/Content/Meshes/RightTouchForQuestRiftSController.uasset" 549
"../../../Engine/Plugins/Runtime/Oculus/OculusVR/Content/Meshes/RightTouchForQuestRiftSController.uexp" 550
"../../../Engine/Content/Maps/Entry_BuiltData.uasset" 551
"../../../Engine/Content/Maps/Entry_BuiltData.uexp" 552
"../../../Engine/Content/Maps/Entry.uexp" 553
"../../../Engine/Content/Maps/Entry.umap" 554
"../../../Engine/Content/EngineSky/T_Sky_Stars.uasset" 555
"../../../Engine/Content/EngineSky/T_Sky_Stars.uexp" 556
"../../../Engine/Content/EngineSky/T_Sky_Stars.ubulk" 557
"../../../Engine/Content/EngineSky/T_Sky_Clouds_M.uasset" 558
"../../../Engine/Content/EngineSky/T_Sky_Clouds_M.uexp" 559
"../../../Engine/Content/EngineSky/T_Sky_Clouds_M.ubulk" 560
"../../../Engine/Content/EngineSky/T_Sky_Blue.uasset" 561
"../../../Engine/Content/EngineSky/T_Sky_Blue.uexp" 562
"../../../Engine/Content/EngineSky/T_Sky_Blue.ubulk" 563
"../../../Engine/Content/EngineSky/M_Sky_Panning_Clouds2.uasset" 564
"../../../Engine/Content/EngineSky/M_Sky_Panning_Clouds2.uexp" 565
"../../../Engine/Content/EngineSky/SM_SkySphere.uasset" 566
"../../../Engine/Content/EngineSky/SM_SkySphere.uexp" 567
"../../../Engine/Content/EngineSky/C_Sky_Zenith_Color.uasset" 568
"../../../Engine/Content/EngineSky/C_Sky_Zenith_Color.uexp" 569
"../../../Engine/Content/EngineSky/C_Sky_Horizon_Color.uasset" 570
"../../../Engine/Content/EngineSky/C_Sky_Horizon_Color.uexp" 571
"../../../Engine/Content/EngineSky/C_Sky_Cloud_Color.uasset" 572
"../../../Engine/Content/EngineSky/C_Sky_Cloud_Color.uexp" 573
"../../../Engine/Content/EngineSky/BP_Sky_Sphere.uasset" 574
"../../../Engine/Content/EngineSky/BP_Sky_Sphere.uexp" 575
"../../../Engine/Content/MapTemplates/SM_Template_Map_Floor.uasset" 576
"../../../Engine/Content/MapTemplates/SM_Template_Map_Floor.uexp" 577
"../../../Engine/Content/Maps/Templates/Template_Default_BuiltData.uasset" 578
"../../../Engine/Content/Maps/Templates/Template_Default_BuiltData.uexp" 579
"../../../Engine/Content/Maps/Templates/Template_Default_BuiltData.ubulk" 580
"../../../Engine/Content/Maps/Templates/Template_Default.uexp" 581
"../../../Engine/Content/Maps/Templates/Template_Default.umap" 582
